20-Nov-2025 21:04:33.475 INFO [main] org.apache.catalina.startup.VersionLoggerListener.log Имя версии сервера:    Apache Tomcat/11.0.12
20-Nov-2025 21:04:33.480 INFO [main] org.apache.catalina.startup.VersionLoggerListener.log Сервер собран:         Oct 1 2025 07:01:27 UTC
20-Nov-2025 21:04:33.482 INFO [main] org.apache.catalina.startup.VersionLoggerListener.log Номер версии сервера:  11.0.12.0
20-Nov-2025 21:04:33.482 INFO [main] org.apache.catalina.startup.VersionLoggerListener.log OS Name:               Windows 11
20-Nov-2025 21:04:33.482 INFO [main] org.apache.catalina.startup.VersionLoggerListener.log Версия ОС:             10.0
20-Nov-2025 21:04:33.483 INFO [main] org.apache.catalina.startup.VersionLoggerListener.log Архитектура:           amd64
20-Nov-2025 21:04:33.483 INFO [main] org.apache.catalina.startup.VersionLoggerListener.log Java Home:             E:\java
20-Nov-2025 21:04:33.483 INFO [main] org.apache.catalina.startup.VersionLoggerListener.log Версия JVM:            22.0.2+9-70
20-Nov-2025 21:04:33.484 INFO [main] org.apache.catalina.startup.VersionLoggerListener.log Производитель JVM:     Oracle Corporation
20-Nov-2025 21:04:33.484 INFO [main] org.apache.catalina.startup.VersionLoggerListener.log CATALINA_BASE:         C:\Users\damir\OpenideProjects\homework-ORIS
20-Nov-2025 21:04:33.484 INFO [main] org.apache.catalina.startup.VersionLoggerListener.log CATALINA_HOME:         C:\Program Files\Apache Software Foundation\Tomcat 11.0_Tomcat911
20-Nov-2025 21:04:33.498 INFO [main] org.apache.catalina.startup.VersionLoggerListener.log Command line argument: --add-opens=java.base/java.lang=ALL-UNNAMED
20-Nov-2025 21:04:33.498 INFO [main] org.apache.catalina.startup.VersionLoggerListener.log Command line argument: --add-opens=java.base/java.io=ALL-UNNAMED
20-Nov-2025 21:04:33.498 INFO [main] org.apache.catalina.startup.VersionLoggerListener.log Command line argument: --add-opens=java.base/java.util=ALL-UNNAMED
20-Nov-2025 21:04:33.498 INFO [main] org.apache.catalina.startup.VersionLoggerListener.log Command line argument: --add-opens=java.base/java.util.concurrent=ALL-UNNAMED
20-Nov-2025 21:04:33.498 INFO [main] org.apache.catalina.startup.VersionLoggerListener.log Command line argument: --add-opens=java.rmi/sun.rmi.transport=ALL-UNNAMED
20-Nov-2025 21:04:33.499 INFO [main] org.apache.catalina.startup.VersionLoggerListener.log Command line argument: -Dcatalina.home=C:\Program Files\Apache Software Foundation\Tomcat 11.0_Tomcat911
20-Nov-2025 21:04:33.499 INFO [main] org.apache.catalina.startup.VersionLoggerListener.log Command line argument: -Dcatalina.base=C:\Users\damir\OpenideProjects\homework-ORIS
20-Nov-2025 21:04:33.499 INFO [main] org.apache.catalina.startup.VersionLoggerListener.log Command line argument: -Djava.io.tmpdir=C:\Users\damir\OpenideProjects\homework-ORIS\temp
20-Nov-2025 21:04:33.499 INFO [main] org.apache.catalina.startup.VersionLoggerListener.log Command line argument: -Djava.util.logging.config.file=C:\Users\damir\OpenideProjects\homework-ORIS\conf\logging.properties
20-Nov-2025 21:04:33.499 INFO [main] org.apache.catalina.startup.VersionLoggerListener.log Command line argument: -Djava.util.logging.manager=org.apache.juli.ClassLoaderLogManager
20-Nov-2025 21:04:33.499 INFO [main] org.apache.catalina.startup.VersionLoggerListener.log Command line argument: -javaagent:C:\Program Files\OpenIDE\OpenIDE 2025.1.3\lib\idea_rt.jar=4728
20-Nov-2025 21:04:33.499 INFO [main] org.apache.catalina.startup.VersionLoggerListener.log Command line argument: -Dfile.encoding=UTF-8
20-Nov-2025 21:04:33.499 INFO [main] org.apache.catalina.startup.VersionLoggerListener.log Command line argument: -Dsun.stdout.encoding=UTF-8
20-Nov-2025 21:04:33.499 INFO [main] org.apache.catalina.startup.VersionLoggerListener.log Command line argument: -Dsun.stderr.encoding=UTF-8
20-Nov-2025 21:04:33.508 INFO [main] org.apache.catalina.core.AprLifecycleListener.lifecycleEvent The Apache Tomcat Native library which allows using OpenSSL was not found on the java.library.path: [E:\java\bin;C:\WINDOWS\Sun\Java\bin;C:\WINDOWS\system32;C:\WINDOWS;C:\Program Files\Common Files\Oracle\Java\javapath;C:\Program Files (x86)\Common Files\Oracle\Java\javapath;C:\WINDOWS\system32;C:\WINDOWS;C:\WINDOWS\System32\Wbem;C:\WINDOWS\System32\WindowsPowerShell\v1.0\;C:\WINDOWS\System32\OpenSSH\;C:\Program Files (x86)\NVIDIA Corporation\PhysX\Common;C:\Program Files\dotnet\;E:\CLI\;E:\github\Git\cmd;C:\Program Files\NVIDIA Corporation\NVIDIA app\NvDLISR;E:\devtools\apache-maven-3.9.11-bin\apache-maven-3.9.11\bin;C:\Users\damir\AppData\Local\PowerToys\;.]
20-Nov-2025 21:04:33.785 INFO [main] org.apache.coyote.AbstractProtocol.init Инициализация ProtocolHandler ["http-nio-8080"]
20-Nov-2025 21:04:33.800 INFO [main] org.apache.catalina.startup.Catalina.load Server initialization in [527] milliseconds
20-Nov-2025 21:04:33.852 INFO [main] org.apache.catalina.core.StandardService.startInternal Starting service [Catalina]
20-Nov-2025 21:04:33.852 INFO [main] org.apache.catalina.core.StandardEngine.startInternal Starting Servlet engine: [Apache Tomcat/11.0.12]
20-Nov-2025 21:04:33.862 INFO [main] org.apache.catalina.startup.HostConfig.deployDescriptor Deploying deployment descriptor [C:\Users\damir\OpenideProjects\homework-ORIS\conf\Catalina\localhost\ROOT.xml]
20-Nov-2025 21:04:34.707 INFO [main] org.apache.jasper.servlet.TldScanner.scanJars At least one JAR was scanned for TLDs yet contained no TLDs. Enable debug logging for this logger for a complete list of JARs that were scanned but no TLDs were found in them. Skipping unneeded JARs during scanning can improve startup time and JSP compilation time.
20-Nov-2025 21:04:34.787 INFO [main] org.apache.catalina.startup.HostConfig.deployDescriptor Deployment of deployment descriptor [C:\Users\damir\OpenideProjects\homework-ORIS\conf\Catalina\localhost\ROOT.xml] has finished in [922] ms
20-Nov-2025 21:04:34.790 INFO [main] org.apache.coyote.AbstractProtocol.start Starting ProtocolHandler ["http-nio-8080"]
20-Nov-2025 21:04:34.814 INFO [main] org.apache.catalina.startup.Catalina.start Server startup in [1012] milliseconds
20-Nov-2025 21:07:05.488 INFO [Thread-1] org.apache.coyote.AbstractProtocol.pause Pausing ProtocolHandler ["http-nio-8080"]
20-Nov-2025 21:07:05.498 INFO [Thread-1] org.apache.catalina.core.StandardService.stopInternal Stopping service [Catalina]
20-Nov-2025 21:07:05.509 INFO [Thread-1] org.apache.coyote.AbstractProtocol.stop Stopping ProtocolHandler ["http-nio-8080"]
20-Nov-2025 21:07:05.512 INFO [Thread-1] org.apache.coyote.AbstractProtocol.destroy Destroying ProtocolHandler ["http-nio-8080"]
20-Nov-2025 21:21:21.946 INFO [main] org.apache.catalina.startup.VersionLoggerListener.log Имя версии сервера:    Apache Tomcat/11.0.12
20-Nov-2025 21:21:21.952 INFO [main] org.apache.catalina.startup.VersionLoggerListener.log Сервер собран:         Oct 1 2025 07:01:27 UTC
20-Nov-2025 21:21:21.953 INFO [main] org.apache.catalina.startup.VersionLoggerListener.log Номер версии сервера:  11.0.12.0
20-Nov-2025 21:21:21.953 INFO [main] org.apache.catalina.startup.VersionLoggerListener.log OS Name:               Windows 11
20-Nov-2025 21:21:21.953 INFO [main] org.apache.catalina.startup.VersionLoggerListener.log Версия ОС:             10.0
20-Nov-2025 21:21:21.954 INFO [main] org.apache.catalina.startup.VersionLoggerListener.log Архитектура:           amd64
20-Nov-2025 21:21:21.954 INFO [main] org.apache.catalina.startup.VersionLoggerListener.log Java Home:             E:\java
20-Nov-2025 21:21:21.954 INFO [main] org.apache.catalina.startup.VersionLoggerListener.log Версия JVM:            22.0.2+9-70
20-Nov-2025 21:21:21.954 INFO [main] org.apache.catalina.startup.VersionLoggerListener.log Производитель JVM:     Oracle Corporation
20-Nov-2025 21:21:21.954 INFO [main] org.apache.catalina.startup.VersionLoggerListener.log CATALINA_BASE:         C:\Users\damir\OpenideProjects\homework-ORIS
20-Nov-2025 21:21:21.954 INFO [main] org.apache.catalina.startup.VersionLoggerListener.log CATALINA_HOME:         C:\Program Files\Apache Software Foundation\Tomcat 11.0_Tomcat911
20-Nov-2025 21:21:21.965 INFO [main] org.apache.catalina.startup.VersionLoggerListener.log Command line argument: --add-opens=java.base/java.lang=ALL-UNNAMED
20-Nov-2025 21:21:21.965 INFO [main] org.apache.catalina.startup.VersionLoggerListener.log Command line argument: --add-opens=java.base/java.io=ALL-UNNAMED
20-Nov-2025 21:21:21.965 INFO [main] org.apache.catalina.startup.VersionLoggerListener.log Command line argument: --add-opens=java.base/java.util=ALL-UNNAMED
20-Nov-2025 21:21:21.965 INFO [main] org.apache.catalina.startup.VersionLoggerListener.log Command line argument: --add-opens=java.base/java.util.concurrent=ALL-UNNAMED
20-Nov-2025 21:21:21.965 INFO [main] org.apache.catalina.startup.VersionLoggerListener.log Command line argument: --add-opens=java.rmi/sun.rmi.transport=ALL-UNNAMED
20-Nov-2025 21:21:21.965 INFO [main] org.apache.catalina.startup.VersionLoggerListener.log Command line argument: -Dcatalina.home=C:\Program Files\Apache Software Foundation\Tomcat 11.0_Tomcat911
20-Nov-2025 21:21:21.965 INFO [main] org.apache.catalina.startup.VersionLoggerListener.log Command line argument: -Dcatalina.base=C:\Users\damir\OpenideProjects\homework-ORIS
20-Nov-2025 21:21:21.965 INFO [main] org.apache.catalina.startup.VersionLoggerListener.log Command line argument: -Djava.io.tmpdir=C:\Users\damir\OpenideProjects\homework-ORIS\temp
20-Nov-2025 21:21:21.965 INFO [main] org.apache.catalina.startup.VersionLoggerListener.log Command line argument: -Djava.util.logging.config.file=C:\Users\damir\OpenideProjects\homework-ORIS\conf\logging.properties
20-Nov-2025 21:21:21.965 INFO [main] org.apache.catalina.startup.VersionLoggerListener.log Command line argument: -Djava.util.logging.manager=org.apache.juli.ClassLoaderLogManager
20-Nov-2025 21:21:21.966 INFO [main] org.apache.catalina.startup.VersionLoggerListener.log Command line argument: -javaagent:C:\Program Files\OpenIDE\OpenIDE 2025.1.3\lib\idea_rt.jar=7182
20-Nov-2025 21:21:21.966 INFO [main] org.apache.catalina.startup.VersionLoggerListener.log Command line argument: -Dfile.encoding=UTF-8
20-Nov-2025 21:21:21.966 INFO [main] org.apache.catalina.startup.VersionLoggerListener.log Command line argument: -Dsun.stdout.encoding=UTF-8
20-Nov-2025 21:21:21.966 INFO [main] org.apache.catalina.startup.VersionLoggerListener.log Command line argument: -Dsun.stderr.encoding=UTF-8
20-Nov-2025 21:21:21.972 INFO [main] org.apache.catalina.core.AprLifecycleListener.lifecycleEvent The Apache Tomcat Native library which allows using OpenSSL was not found on the java.library.path: [E:\java\bin;C:\WINDOWS\Sun\Java\bin;C:\WINDOWS\system32;C:\WINDOWS;C:\Program Files\Common Files\Oracle\Java\javapath;C:\Program Files (x86)\Common Files\Oracle\Java\javapath;C:\WINDOWS\system32;C:\WINDOWS;C:\WINDOWS\System32\Wbem;C:\WINDOWS\System32\WindowsPowerShell\v1.0\;C:\WINDOWS\System32\OpenSSH\;C:\Program Files (x86)\NVIDIA Corporation\PhysX\Common;C:\Program Files\dotnet\;E:\CLI\;E:\github\Git\cmd;C:\Program Files\NVIDIA Corporation\NVIDIA app\NvDLISR;E:\devtools\apache-maven-3.9.11-bin\apache-maven-3.9.11\bin;C:\Users\damir\AppData\Local\PowerToys\;.]
20-Nov-2025 21:21:22.307 INFO [main] org.apache.coyote.AbstractProtocol.init Инициализация ProtocolHandler ["http-nio-8080"]
20-Nov-2025 21:21:22.323 INFO [main] org.apache.catalina.startup.Catalina.load Server initialization in [602] milliseconds
20-Nov-2025 21:21:22.374 INFO [main] org.apache.catalina.core.StandardService.startInternal Starting service [Catalina]
20-Nov-2025 21:21:22.375 INFO [main] org.apache.catalina.core.StandardEngine.startInternal Starting Servlet engine: [Apache Tomcat/11.0.12]
20-Nov-2025 21:21:22.383 INFO [main] org.apache.catalina.startup.HostConfig.deployDescriptor Deploying deployment descriptor [C:\Users\damir\OpenideProjects\homework-ORIS\conf\Catalina\localhost\ROOT.xml]
20-Nov-2025 21:21:23.227 INFO [main] org.apache.jasper.servlet.TldScanner.scanJars At least one JAR was scanned for TLDs yet contained no TLDs. Enable debug logging for this logger for a complete list of JARs that were scanned but no TLDs were found in them. Skipping unneeded JARs during scanning can improve startup time and JSP compilation time.
20-Nov-2025 21:21:23.302 INFO [main] org.apache.catalina.startup.HostConfig.deployDescriptor Deployment of deployment descriptor [C:\Users\damir\OpenideProjects\homework-ORIS\conf\Catalina\localhost\ROOT.xml] has finished in [916] ms
20-Nov-2025 21:21:23.306 INFO [main] org.apache.coyote.AbstractProtocol.start Starting ProtocolHandler ["http-nio-8080"]
20-Nov-2025 21:21:23.329 INFO [main] org.apache.catalina.startup.Catalina.start Server startup in [1004] milliseconds
20-Nov-2025 21:26:27.313 INFO [Thread-1] org.apache.coyote.AbstractProtocol.pause Pausing ProtocolHandler ["http-nio-8080"]
20-Nov-2025 21:26:27.322 INFO [Thread-1] org.apache.catalina.core.StandardService.stopInternal Stopping service [Catalina]
20-Nov-2025 21:26:27.359 INFO [Thread-1] org.apache.coyote.AbstractProtocol.stop Stopping ProtocolHandler ["http-nio-8080"]
20-Nov-2025 21:26:27.382 INFO [Thread-1] org.apache.coyote.AbstractProtocol.destroy Destroying ProtocolHandler ["http-nio-8080"]
20-Nov-2025 22:32:27.308 INFO [main] org.apache.catalina.startup.VersionLoggerListener.log Имя версии сервера:    Apache Tomcat/11.0.12
20-Nov-2025 22:32:27.312 INFO [main] org.apache.catalina.startup.VersionLoggerListener.log Сервер собран:         Oct 1 2025 07:01:27 UTC
20-Nov-2025 22:32:27.313 INFO [main] org.apache.catalina.startup.VersionLoggerListener.log Номер версии сервера:  11.0.12.0
20-Nov-2025 22:32:27.313 INFO [main] org.apache.catalina.startup.VersionLoggerListener.log OS Name:               Windows 11
20-Nov-2025 22:32:27.313 INFO [main] org.apache.catalina.startup.VersionLoggerListener.log Версия ОС:             10.0
20-Nov-2025 22:32:27.313 INFO [main] org.apache.catalina.startup.VersionLoggerListener.log Архитектура:           amd64
20-Nov-2025 22:32:27.313 INFO [main] org.apache.catalina.startup.VersionLoggerListener.log Java Home:             E:\java
20-Nov-2025 22:32:27.313 INFO [main] org.apache.catalina.startup.VersionLoggerListener.log Версия JVM:            22.0.2+9-70
20-Nov-2025 22:32:27.314 INFO [main] org.apache.catalina.startup.VersionLoggerListener.log Производитель JVM:     Oracle Corporation
20-Nov-2025 22:32:27.314 INFO [main] org.apache.catalina.startup.VersionLoggerListener.log CATALINA_BASE:         C:\Users\damir\OpenideProjects\homework-ORIS
20-Nov-2025 22:32:27.314 INFO [main] org.apache.catalina.startup.VersionLoggerListener.log CATALINA_HOME:         C:\Program Files\Apache Software Foundation\Tomcat 11.0_Tomcat911
20-Nov-2025 22:32:27.321 INFO [main] org.apache.catalina.startup.VersionLoggerListener.log Command line argument: --add-opens=java.base/java.lang=ALL-UNNAMED
20-Nov-2025 22:32:27.322 INFO [main] org.apache.catalina.startup.VersionLoggerListener.log Command line argument: --add-opens=java.base/java.io=ALL-UNNAMED
20-Nov-2025 22:32:27.322 INFO [main] org.apache.catalina.startup.VersionLoggerListener.log Command line argument: --add-opens=java.base/java.util=ALL-UNNAMED
20-Nov-2025 22:32:27.322 INFO [main] org.apache.catalina.startup.VersionLoggerListener.log Command line argument: --add-opens=java.base/java.util.concurrent=ALL-UNNAMED
20-Nov-2025 22:32:27.322 INFO [main] org.apache.catalina.startup.VersionLoggerListener.log Command line argument: --add-opens=java.rmi/sun.rmi.transport=ALL-UNNAMED
20-Nov-2025 22:32:27.322 INFO [main] org.apache.catalina.startup.VersionLoggerListener.log Command line argument: -Dcatalina.home=C:\Program Files\Apache Software Foundation\Tomcat 11.0_Tomcat911
20-Nov-2025 22:32:27.322 INFO [main] org.apache.catalina.startup.VersionLoggerListener.log Command line argument: -Dcatalina.base=C:\Users\damir\OpenideProjects\homework-ORIS
20-Nov-2025 22:32:27.322 INFO [main] org.apache.catalina.startup.VersionLoggerListener.log Command line argument: -Djava.io.tmpdir=C:\Users\damir\OpenideProjects\homework-ORIS\temp
20-Nov-2025 22:32:27.322 INFO [main] org.apache.catalina.startup.VersionLoggerListener.log Command line argument: -Djava.util.logging.config.file=C:\Users\damir\OpenideProjects\homework-ORIS\conf\logging.properties
20-Nov-2025 22:32:27.322 INFO [main] org.apache.catalina.startup.VersionLoggerListener.log Command line argument: -Djava.util.logging.manager=org.apache.juli.ClassLoaderLogManager
20-Nov-2025 22:32:27.322 INFO [main] org.apache.catalina.startup.VersionLoggerListener.log Command line argument: -javaagent:C:\Program Files\OpenIDE\OpenIDE 2025.1.3\lib\idea_rt.jar=8902
20-Nov-2025 22:32:27.322 INFO [main] org.apache.catalina.startup.VersionLoggerListener.log Command line argument: -Dfile.encoding=UTF-8
20-Nov-2025 22:32:27.322 INFO [main] org.apache.catalina.startup.VersionLoggerListener.log Command line argument: -Dsun.stdout.encoding=UTF-8
20-Nov-2025 22:32:27.322 INFO [main] org.apache.catalina.startup.VersionLoggerListener.log Command line argument: -Dsun.stderr.encoding=UTF-8
20-Nov-2025 22:32:27.328 INFO [main] org.apache.catalina.core.AprLifecycleListener.lifecycleEvent The Apache Tomcat Native library which allows using OpenSSL was not found on the java.library.path: [E:\java\bin;C:\WINDOWS\Sun\Java\bin;C:\WINDOWS\system32;C:\WINDOWS;C:\Program Files\Common Files\Oracle\Java\javapath;C:\Program Files (x86)\Common Files\Oracle\Java\javapath;C:\WINDOWS\system32;C:\WINDOWS;C:\WINDOWS\System32\Wbem;C:\WINDOWS\System32\WindowsPowerShell\v1.0\;C:\WINDOWS\System32\OpenSSH\;C:\Program Files (x86)\NVIDIA Corporation\PhysX\Common;C:\Program Files\dotnet\;E:\CLI\;E:\github\Git\cmd;C:\Program Files\NVIDIA Corporation\NVIDIA app\NvDLISR;E:\devtools\apache-maven-3.9.11-bin\apache-maven-3.9.11\bin;C:\Users\damir\AppData\Local\PowerToys\;.]
20-Nov-2025 22:32:27.588 INFO [main] org.apache.coyote.AbstractProtocol.init Инициализация ProtocolHandler ["http-nio-8080"]
20-Nov-2025 22:32:27.605 INFO [main] org.apache.catalina.startup.Catalina.load Server initialization in [499] milliseconds
20-Nov-2025 22:32:27.661 INFO [main] org.apache.catalina.core.StandardService.startInternal Starting service [Catalina]
20-Nov-2025 22:32:27.661 INFO [main] org.apache.catalina.core.StandardEngine.startInternal Starting Servlet engine: [Apache Tomcat/11.0.12]
20-Nov-2025 22:32:27.674 INFO [main] org.apache.catalina.startup.HostConfig.deployDescriptor Deploying deployment descriptor [C:\Users\damir\OpenideProjects\homework-ORIS\conf\Catalina\localhost\ROOT.xml]
20-Nov-2025 22:32:28.409 INFO [main] org.apache.jasper.servlet.TldScanner.scanJars At least one JAR was scanned for TLDs yet contained no TLDs. Enable debug logging for this logger for a complete list of JARs that were scanned but no TLDs were found in them. Skipping unneeded JARs during scanning can improve startup time and JSP compilation time.
20-Nov-2025 22:32:28.477 INFO [main] org.apache.catalina.startup.HostConfig.deployDescriptor Deployment of deployment descriptor [C:\Users\damir\OpenideProjects\homework-ORIS\conf\Catalina\localhost\ROOT.xml] has finished in [801] ms
20-Nov-2025 22:32:28.480 INFO [main] org.apache.coyote.AbstractProtocol.start Starting ProtocolHandler ["http-nio-8080"]
20-Nov-2025 22:32:28.500 INFO [main] org.apache.catalina.startup.Catalina.start Server startup in [893] milliseconds
20-Nov-2025 22:33:39.701 INFO [Thread-1] org.apache.coyote.AbstractProtocol.pause Pausing ProtocolHandler ["http-nio-8080"]
20-Nov-2025 22:33:39.708 INFO [Thread-1] org.apache.catalina.core.StandardService.stopInternal Stopping service [Catalina]
20-Nov-2025 22:33:39.716 INFO [Thread-1] org.apache.coyote.AbstractProtocol.stop Stopping ProtocolHandler ["http-nio-8080"]
20-Nov-2025 22:33:39.719 INFO [Thread-1] org.apache.coyote.AbstractProtocol.destroy Destroying ProtocolHandler ["http-nio-8080"]
